0 info it worked if it ends with ok
1 verbose cli [ 'D:\\Program Files\\nodejs\\node.exe',
1 verbose cli   'D:\\Program Files\\nodejs\\node_modules\\npm\\bin\\npm-cli.js',
1 verbose cli   'run',
1 verbose cli   'build',
1 verbose cli   '--scripts-prepend-node-path=auto' ]
2 info using npm@3.10.10
3 info using node@v6.10.0
4 verbose run-script [ 'prebuild', 'build', 'postbuild' ]
5 info lifecycle wepy_ys@0.0.2~prebuild: wepy_ys@0.0.2
6 silly lifecycle wepy_ys@0.0.2~prebuild: no script for prebuild, continuing
7 info lifecycle wepy_ys@0.0.2~build: wepy_ys@0.0.2
8 verbose lifecycle wepy_ys@0.0.2~build: unsafe-perm in lifecycle true
9 verbose lifecycle wepy_ys@0.0.2~build: PATH: D:\Program Files\nodejs\node_modules\npm\bin\node-gyp-bin;E:\workspace\weixinweb\wepy_ys\node_modules\.bin;D:\Program Files\Java\jdk1.8.0_101\bin;D:\Program Files\Java\jdk1.8.0_101\jre\bin;C:\Windows\system32;C:\Windows;C:\Windows\System32\Wbem;C:\Windows\System32\WindowsPowerShell\v1.0\;D:\Program Files\TortoiseSVN\bin;D:\Program Files (x86)\mysql-5.6.26-win32\bin;D:\Program Files\apache-maven-3.3.9\bin;D:\Program Files (x86)\Python27;C:\shortcut-exe;D:\Program Files\nodejs\;C:\Program Files\erl9.0\bin;D:\Program Files\RabbitMQ Server\rabbitmq_server-3.6.10\sbin;D:\Program Files\Git\cmd;D:\Program Files\TortoiseGit\bin;C:\windows\system32;C:\windows;C:\windows\System32\Wbem
10 verbose lifecycle wepy_ys@0.0.2~build: CWD: E:\workspace\weixinweb\wepy_ys
11 silly lifecycle wepy_ys@0.0.2~build: Args: [ '/d /s /c',
11 silly lifecycle   'cross-env NODE_ENV=production wepy build --no-cache' ]
12 silly lifecycle wepy_ys@0.0.2~build: Returned: code: 1  signal: null
13 info lifecycle wepy_ys@0.0.2~build: Failed to exec build script
14 verbose stack Error: wepy_ys@0.0.2 build: `cross-env NODE_ENV=production wepy build --no-cache`
14 verbose stack Exit status 1
14 verbose stack     at EventEmitter.<anonymous> (D:\Program Files\nodejs\node_modules\npm\lib\utils\lifecycle.js:255:16)
14 verbose stack     at emitTwo (events.js:106:13)
14 verbose stack     at EventEmitter.emit (events.js:191:7)
14 verbose stack     at ChildProcess.<anonymous> (D:\Program Files\nodejs\node_modules\npm\lib\utils\spawn.js:40:14)
14 verbose stack     at emitTwo (events.js:106:13)
14 verbose stack     at ChildProcess.emit (events.js:191:7)
14 verbose stack     at maybeClose (internal/child_process.js:877:16)
14 verbose stack     at Process.ChildProcess._handle.onexit (internal/child_process.js:226:5)
15 verbose pkgid wepy_ys@0.0.2
16 verbose cwd E:\workspace\weixinweb\wepy_ys
17 error Windows_NT 6.1.7601
18 error argv "D:\\Program Files\\nodejs\\node.exe" "D:\\Program Files\\nodejs\\node_modules\\npm\\bin\\npm-cli.js" "run" "build" "--scripts-prepend-node-path=auto"
19 error node v6.10.0
20 error npm  v3.10.10
21 error code ELIFECYCLE
22 error wepy_ys@0.0.2 build: `cross-env NODE_ENV=production wepy build --no-cache`
22 error Exit status 1
23 error Failed at the wepy_ys@0.0.2 build script 'cross-env NODE_ENV=production wepy build --no-cache'.
23 error Make sure you have the latest version of node.js and npm installed.
23 error If you do, this is most likely a problem with the wepy_ys package,
23 error not with npm itself.
23 error Tell the author that this fails on your system:
23 error     cross-env NODE_ENV=production wepy build --no-cache
23 error You can get information on how to open an issue for this project with:
23 error     npm bugs wepy_ys
23 error Or if that isn't available, you can get their info via:
23 error     npm owner ls wepy_ys
23 error There is likely additional logging output above.
24 verbose exit [ 1, true ]
